<?xml version="1.0" encoding="UTF-8"?>
<testng-results ignored="0" total="1" passed="1" failed="0" skipped="0">
  <reporter-output>
  </reporter-output>
  <suite started-at="2019-03-09T01:43:06Z" name="Default suite" finished-at="2019-03-09T01:43:20Z" duration-ms="14020">
    <groups>
    </groups>
    <test started-at="2019-03-09T01:43:06Z" name="Default test" finished-at="2019-03-09T01:43:20Z" duration-ms="14020">
      <class name="com.health.Health.ExplicitWait">
        <test-method signature="main()[pri:0, instance:com.health.Health.ExplicitWait@7133da86]" started-at="2019-03-09T01:43:06Z" name="main" finished-at="2019-03-09T01:43:18Z" duration-ms="12271" status="PASS">
          <reporter-output>
          </reporter-output>
        </test-method> <!-- main -->
        <test-method is-config="true" signature="close()[pri:0, instance:com.health.Health.ExplicitWait@7133da86]" started-at="2019-03-09T01:43:19Z" name="close" finished-at="2019-03-09T01:43:20Z" duration-ms="1069" status="PASS">
          <reporter-output>
          </reporter-output>
        </test-method> <!-- close -->
      </class> <!-- com.health.Health.ExplicitWait -->
    </test> <!-- Default test -->
  </suite> <!-- Default suite -->
</testng-results>
